{"C:\\Users\\Coffee\\Documents\\development\\projects\\tsedu_admin\\backend\\lib\\src\\server.js": {"path":"C:\\Users\\Coffee\\Documents\\development\\projects\\tsedu_admin\\backend\\lib\\src\\server.js","statementMap":{"0":{"start":{"line":2,"column":22},"end":{"line":4,"column":1}},"1":{"start":{"line":3,"column":4},"end":{"line":3,"column":62}},"2":{"start":{"line":5,"column":0},"end":{"line":5,"column":62}},"3":{"start":{"line":6,"column":18},"end":{"line":6,"column":53}},"4":{"start":{"line":7,"column":15},"end":{"line":7,"column":39}},"5":{"start":{"line":8,"column":0},"end":{"line":8,"column":37}},"6":{"start":{"line":9,"column":0},"end":{"line":9,"column":25}}},"fnMap":{"0":{"name":"(anonymous_0)","decl":{"start":{"line":2,"column":56},"end":{"line":2,"column":57}},"loc":{"start":{"line":2,"column":71},"end":{"line":4,"column":1}},"line":2}},"branchMap":{"0":{"loc":{"start":{"line":2,"column":22},"end":{"line":4,"column":1}},"type":"binary-expr","locations":[{"start":{"line":2,"column":23},"end":{"line":2,"column":27}},{"start":{"line":2,"column":31},"end":{"line":2,"column":51}},{"start":{"line":2,"column":56},"end":{"line":4,"column":1}}],"line":2},"1":{"loc":{"start":{"line":3,"column":11},"end":{"line":3,"column":61}},"type":"cond-expr","locations":[{"start":{"line":3,"column":37},"end":{"line":3,"column":40}},{"start":{"line":3,"column":43},"end":{"line":3,"column":61}}],"line":3},"2":{"loc":{"start":{"line":3,"column":12},"end":{"line":3,"column":33}},"type":"binary-expr","locations":[{"start":{"line":3,"column":12},"end":{"line":3,"column":15}},{"start":{"line":3,"column":19},"end":{"line":3,"column":33}}],"line":3}},"s":{"0":1,"1":1,"2":1,"3":1,"4":1,"5":1,"6":1},"f":{"0":1},"b":{"0":[1,1,1],"1":[0,1],"2":[1,1]},"inputSourceMap":null,"_coverageSchema":"1a1c01bbd47fc00a2c39e90264f33305004495a9","hash":"6c5578c92b9a8ab4d77735f700bb718e2bbaf250"}
,"C:\\Users\\Coffee\\Documents\\development\\projects\\tsedu_admin\\backend\\lib\\src\\domain\\use-cases\\material-create-material.js": {"path":"C:\\Users\\Coffee\\Documents\\development\\projects\\tsedu_admin\\backend\\lib\\src\\domain\\use-cases\\material-create-material.js","statementMap":{"0":{"start":{"line":2,"column":16},"end":{"line":10,"column":1}},"1":{"start":{"line":3,"column":28},"end":{"line":3,"column":110}},"2":{"start":{"line":3,"column":91},"end":{"line":3,"column":106}},"3":{"start":{"line":4,"column":4},"end":{"line":9,"column":7}},"4":{"start":{"line":5,"column":36},"end":{"line":5,"column":97}},"5":{"start":{"line":5,"column":42},"end":{"line":5,"column":70}},"6":{"start":{"line":5,"column":85},"end":{"line":5,"column":95}},"7":{"start":{"line":6,"column":35},"end":{"line":6,"column":100}},"8":{"start":{"line":6,"column":41},"end":{"line":6,"column":73}},"9":{"start":{"line":6,"column":88},"end":{"line":6,"column":98}},"10":{"start":{"line":7,"column":32},"end":{"line":7,"column":116}},"11":{"start":{"line":8,"column":8},"end":{"line":8,"column":78}},"12":{"start":{"line":11,"column":0},"end":{"line":11,"column":62}},"13":{"start":{"line":12,"column":0},"end":{"line":12,"column":32}},"14":{"start":{"line":15,"column":8},"end":{"line":15,"column":53}},"15":{"start":{"line":18,"column":8},"end":{"line":21,"column":11}},"16":{"start":{"line":19,"column":27},"end":{"line":19,"column":81}},"17":{"start":{"line":20,"column":12},"end":{"line":20,"column":26}},"18":{"start":{"line":24,"column":0},"end":{"line":24,"column":40}}},"fnMap":{"0":{"name":"(anonymous_0)","decl":{"start":{"line":2,"column":44},"end":{"line":2,"column":45}},"loc":{"start":{"line":2,"column":89},"end":{"line":10,"column":1}},"line":2},"1":{"name":"adopt","decl":{"start":{"line":3,"column":13},"end":{"line":3,"column":18}},"loc":{"start":{"line":3,"column":26},"end":{"line":3,"column":112}},"line":3},"2":{"name":"(anonymous_2)","decl":{"start":{"line":3,"column":70},"end":{"line":3,"column":71}},"loc":{"start":{"line":3,"column":89},"end":{"line":3,"column":108}},"line":3},"3":{"name":"(anonymous_3)","decl":{"start":{"line":4,"column":36},"end":{"line":4,"column":37}},"loc":{"start":{"line":4,"column":63},"end":{"line":9,"column":5}},"line":4},"4":{"name":"fulfilled","decl":{"start":{"line":5,"column":17},"end":{"line":5,"column":26}},"loc":{"start":{"line":5,"column":34},"end":{"line":5,"column":99}},"line":5},"5":{"name":"rejected","decl":{"start":{"line":6,"column":17},"end":{"line":6,"column":25}},"loc":{"start":{"line":6,"column":33},"end":{"line":6,"column":102}},"line":6},"6":{"name":"step","decl":{"start":{"line":7,"column":17},"end":{"line":7,"column":21}},"loc":{"start":{"line":7,"column":30},"end":{"line":7,"column":118}},"line":7},"7":{"name":"(anonymous_7)","decl":{"start":{"line":14,"column":4},"end":{"line":14,"column":5}},"loc":{"start":{"line":14,"column":36},"end":{"line":16,"column":5}},"line":14},"8":{"name":"(anonymous_8)","decl":{"start":{"line":17,"column":4},"end":{"line":17,"column":5}},"loc":{"start":{"line":17,"column":22},"end":{"line":22,"column":5}},"line":17},"9":{"name":"(anonymous_9)","decl":{"start":{"line":18,"column":47},"end":{"line":18,"column":48}},"loc":{"start":{"line":18,"column":60},"end":{"line":21,"column":9}},"line":18}},"branchMap":{"0":{"loc":{"start":{"line":2,"column":16},"end":{"line":10,"column":1}},"type":"binary-expr","locations":[{"start":{"line":2,"column":17},"end":{"line":2,"column":21}},{"start":{"line":2,"column":25},"end":{"line":2,"column":39}},{"start":{"line":2,"column":44},"end":{"line":10,"column":1}}],"line":2},"1":{"loc":{"start":{"line":3,"column":35},"end":{"line":3,"column":109}},"type":"cond-expr","locations":[{"start":{"line":3,"column":56},"end":{"line":3,"column":61}},{"start":{"line":3,"column":64},"end":{"line":3,"column":109}}],"line":3},"2":{"loc":{"start":{"line":4,"column":16},"end":{"line":4,"column":34}},"type":"binary-expr","locations":[{"start":{"line":4,"column":16},"end":{"line":4,"column":17}},{"start":{"line":4,"column":22},"end":{"line":4,"column":33}}],"line":4},"3":{"loc":{"start":{"line":7,"column":32},"end":{"line":7,"column":115}},"type":"cond-expr","locations":[{"start":{"line":7,"column":46},"end":{"line":7,"column":67}},{"start":{"line":7,"column":70},"end":{"line":7,"column":115}}],"line":7},"4":{"loc":{"start":{"line":8,"column":51},"end":{"line":8,"column":67}},"type":"binary-expr","locations":[{"start":{"line":8,"column":51},"end":{"line":8,"column":61}},{"start":{"line":8,"column":65},"end":{"line":8,"column":67}}],"line":8}},"s":{"0":1,"1":1,"2":0,"3":1,"4":1,"5":1,"6":0,"7":0,"8":0,"9":0,"10":2,"11":1,"12":1,"13":1,"14":1,"15":1,"16":1,"17":1,"18":1},"f":{"0":1,"1":1,"2":0,"3":1,"4":1,"5":0,"6":2,"7":1,"8":1,"9":1},"b":{"0":[1,1,1],"1":[1,0],"2":[1,1],"3":[1,1],"4":[1,1]},"inputSourceMap":null,"_coverageSchema":"1a1c01bbd47fc00a2c39e90264f33305004495a9","hash":"9c1bdef16242c94493aa18b3df133005c1f4951e"}
,"C:\\Users\\Coffee\\Documents\\development\\projects\\tsedu_admin\\backend\\lib\\src\\domain\\use-cases\\material-get-all-materials.js": {"path":"C:\\Users\\Coffee\\Documents\\development\\projects\\tsedu_admin\\backend\\lib\\src\\domain\\use-cases\\material-get-all-materials.js","statementMap":{"0":{"start":{"line":2,"column":16},"end":{"line":10,"column":1}},"1":{"start":{"line":3,"column":28},"end":{"line":3,"column":110}},"2":{"start":{"line":3,"column":91},"end":{"line":3,"column":106}},"3":{"start":{"line":4,"column":4},"end":{"line":9,"column":7}},"4":{"start":{"line":5,"column":36},"end":{"line":5,"column":97}},"5":{"start":{"line":5,"column":42},"end":{"line":5,"column":70}},"6":{"start":{"line":5,"column":85},"end":{"line":5,"column":95}},"7":{"start":{"line":6,"column":35},"end":{"line":6,"column":100}},"8":{"start":{"line":6,"column":41},"end":{"line":6,"column":73}},"9":{"start":{"line":6,"column":88},"end":{"line":6,"column":98}},"10":{"start":{"line":7,"column":32},"end":{"line":7,"column":116}},"11":{"start":{"line":8,"column":8},"end":{"line":8,"column":78}},"12":{"start":{"line":11,"column":0},"end":{"line":11,"column":62}},"13":{"start":{"line":12,"column":0},"end":{"line":12,"column":33}},"14":{"start":{"line":15,"column":8},"end":{"line":15,"column":53}},"15":{"start":{"line":18,"column":8},"end":{"line":21,"column":11}},"16":{"start":{"line":19,"column":27},"end":{"line":19,"column":71}},"17":{"start":{"line":20,"column":12},"end":{"line":20,"column":26}},"18":{"start":{"line":24,"column":0},"end":{"line":24,"column":42}}},"fnMap":{"0":{"name":"(anonymous_0)","decl":{"start":{"line":2,"column":44},"end":{"line":2,"column":45}},"loc":{"start":{"line":2,"column":89},"end":{"line":10,"column":1}},"line":2},"1":{"name":"adopt","decl":{"start":{"line":3,"column":13},"end":{"line":3,"column":18}},"loc":{"start":{"line":3,"column":26},"end":{"line":3,"column":112}},"line":3},"2":{"name":"(anonymous_2)","decl":{"start":{"line":3,"column":70},"end":{"line":3,"column":71}},"loc":{"start":{"line":3,"column":89},"end":{"line":3,"column":108}},"line":3},"3":{"name":"(anonymous_3)","decl":{"start":{"line":4,"column":36},"end":{"line":4,"column":37}},"loc":{"start":{"line":4,"column":63},"end":{"line":9,"column":5}},"line":4},"4":{"name":"fulfilled","decl":{"start":{"line":5,"column":17},"end":{"line":5,"column":26}},"loc":{"start":{"line":5,"column":34},"end":{"line":5,"column":99}},"line":5},"5":{"name":"rejected","decl":{"start":{"line":6,"column":17},"end":{"line":6,"column":25}},"loc":{"start":{"line":6,"column":33},"end":{"line":6,"column":102}},"line":6},"6":{"name":"step","decl":{"start":{"line":7,"column":17},"end":{"line":7,"column":21}},"loc":{"start":{"line":7,"column":30},"end":{"line":7,"column":118}},"line":7},"7":{"name":"(anonymous_7)","decl":{"start":{"line":14,"column":4},"end":{"line":14,"column":5}},"loc":{"start":{"line":14,"column":36},"end":{"line":16,"column":5}},"line":14},"8":{"name":"(anonymous_8)","decl":{"start":{"line":17,"column":4},"end":{"line":17,"column":5}},"loc":{"start":{"line":17,"column":14},"end":{"line":22,"column":5}},"line":17},"9":{"name":"(anonymous_9)","decl":{"start":{"line":18,"column":47},"end":{"line":18,"column":48}},"loc":{"start":{"line":18,"column":60},"end":{"line":21,"column":9}},"line":18}},"branchMap":{"0":{"loc":{"start":{"line":2,"column":16},"end":{"line":10,"column":1}},"type":"binary-expr","locations":[{"start":{"line":2,"column":17},"end":{"line":2,"column":21}},{"start":{"line":2,"column":25},"end":{"line":2,"column":39}},{"start":{"line":2,"column":44},"end":{"line":10,"column":1}}],"line":2},"1":{"loc":{"start":{"line":3,"column":35},"end":{"line":3,"column":109}},"type":"cond-expr","locations":[{"start":{"line":3,"column":56},"end":{"line":3,"column":61}},{"start":{"line":3,"column":64},"end":{"line":3,"column":109}}],"line":3},"2":{"loc":{"start":{"line":4,"column":16},"end":{"line":4,"column":34}},"type":"binary-expr","locations":[{"start":{"line":4,"column":16},"end":{"line":4,"column":17}},{"start":{"line":4,"column":22},"end":{"line":4,"column":33}}],"line":4},"3":{"loc":{"start":{"line":7,"column":32},"end":{"line":7,"column":115}},"type":"cond-expr","locations":[{"start":{"line":7,"column":46},"end":{"line":7,"column":67}},{"start":{"line":7,"column":70},"end":{"line":7,"column":115}}],"line":7},"4":{"loc":{"start":{"line":8,"column":51},"end":{"line":8,"column":67}},"type":"binary-expr","locations":[{"start":{"line":8,"column":51},"end":{"line":8,"column":61}},{"start":{"line":8,"column":65},"end":{"line":8,"column":67}}],"line":8}},"s":{"0":1,"1":1,"2":0,"3":1,"4":1,"5":1,"6":0,"7":0,"8":0,"9":0,"10":2,"11":1,"12":1,"13":1,"14":1,"15":1,"16":1,"17":1,"18":1},"f":{"0":1,"1":1,"2":0,"3":1,"4":1,"5":0,"6":2,"7":1,"8":1,"9":1},"b":{"0":[1,1,1],"1":[1,0],"2":[1,1],"3":[1,1],"4":[1,1]},"inputSourceMap":null,"_coverageSchema":"1a1c01bbd47fc00a2c39e90264f33305004495a9","hash":"e262a11faf0531045a4dd0ceb3e046385778020b"}
,"C:\\Users\\Coffee\\Documents\\development\\projects\\tsedu_admin\\backend\\lib\\src\\domain\\use-cases\\material\\material-create-material.js": {"path":"C:\\Users\\Coffee\\Documents\\development\\projects\\tsedu_admin\\backend\\lib\\src\\domain\\use-cases\\material\\material-create-material.js","statementMap":{"0":{"start":{"line":2,"column":16},"end":{"line":10,"column":1}},"1":{"start":{"line":3,"column":28},"end":{"line":3,"column":110}},"2":{"start":{"line":3,"column":91},"end":{"line":3,"column":106}},"3":{"start":{"line":4,"column":4},"end":{"line":9,"column":7}},"4":{"start":{"line":5,"column":36},"end":{"line":5,"column":97}},"5":{"start":{"line":5,"column":42},"end":{"line":5,"column":70}},"6":{"start":{"line":5,"column":85},"end":{"line":5,"column":95}},"7":{"start":{"line":6,"column":35},"end":{"line":6,"column":100}},"8":{"start":{"line":6,"column":41},"end":{"line":6,"column":73}},"9":{"start":{"line":6,"column":88},"end":{"line":6,"column":98}},"10":{"start":{"line":7,"column":32},"end":{"line":7,"column":116}},"11":{"start":{"line":8,"column":8},"end":{"line":8,"column":78}},"12":{"start":{"line":11,"column":0},"end":{"line":11,"column":62}},"13":{"start":{"line":12,"column":0},"end":{"line":12,"column":32}},"14":{"start":{"line":15,"column":8},"end":{"line":15,"column":53}},"15":{"start":{"line":18,"column":8},"end":{"line":21,"column":11}},"16":{"start":{"line":19,"column":27},"end":{"line":19,"column":81}},"17":{"start":{"line":20,"column":12},"end":{"line":20,"column":26}},"18":{"start":{"line":24,"column":0},"end":{"line":24,"column":40}}},"fnMap":{"0":{"name":"(anonymous_0)","decl":{"start":{"line":2,"column":44},"end":{"line":2,"column":45}},"loc":{"start":{"line":2,"column":89},"end":{"line":10,"column":1}},"line":2},"1":{"name":"adopt","decl":{"start":{"line":3,"column":13},"end":{"line":3,"column":18}},"loc":{"start":{"line":3,"column":26},"end":{"line":3,"column":112}},"line":3},"2":{"name":"(anonymous_2)","decl":{"start":{"line":3,"column":70},"end":{"line":3,"column":71}},"loc":{"start":{"line":3,"column":89},"end":{"line":3,"column":108}},"line":3},"3":{"name":"(anonymous_3)","decl":{"start":{"line":4,"column":36},"end":{"line":4,"column":37}},"loc":{"start":{"line":4,"column":63},"end":{"line":9,"column":5}},"line":4},"4":{"name":"fulfilled","decl":{"start":{"line":5,"column":17},"end":{"line":5,"column":26}},"loc":{"start":{"line":5,"column":34},"end":{"line":5,"column":99}},"line":5},"5":{"name":"rejected","decl":{"start":{"line":6,"column":17},"end":{"line":6,"column":25}},"loc":{"start":{"line":6,"column":33},"end":{"line":6,"column":102}},"line":6},"6":{"name":"step","decl":{"start":{"line":7,"column":17},"end":{"line":7,"column":21}},"loc":{"start":{"line":7,"column":30},"end":{"line":7,"column":118}},"line":7},"7":{"name":"(anonymous_7)","decl":{"start":{"line":14,"column":4},"end":{"line":14,"column":5}},"loc":{"start":{"line":14,"column":36},"end":{"line":16,"column":5}},"line":14},"8":{"name":"(anonymous_8)","decl":{"start":{"line":17,"column":4},"end":{"line":17,"column":5}},"loc":{"start":{"line":17,"column":22},"end":{"line":22,"column":5}},"line":17},"9":{"name":"(anonymous_9)","decl":{"start":{"line":18,"column":47},"end":{"line":18,"column":48}},"loc":{"start":{"line":18,"column":60},"end":{"line":21,"column":9}},"line":18}},"branchMap":{"0":{"loc":{"start":{"line":2,"column":16},"end":{"line":10,"column":1}},"type":"binary-expr","locations":[{"start":{"line":2,"column":17},"end":{"line":2,"column":21}},{"start":{"line":2,"column":25},"end":{"line":2,"column":39}},{"start":{"line":2,"column":44},"end":{"line":10,"column":1}}],"line":2},"1":{"loc":{"start":{"line":3,"column":35},"end":{"line":3,"column":109}},"type":"cond-expr","locations":[{"start":{"line":3,"column":56},"end":{"line":3,"column":61}},{"start":{"line":3,"column":64},"end":{"line":3,"column":109}}],"line":3},"2":{"loc":{"start":{"line":4,"column":16},"end":{"line":4,"column":34}},"type":"binary-expr","locations":[{"start":{"line":4,"column":16},"end":{"line":4,"column":17}},{"start":{"line":4,"column":22},"end":{"line":4,"column":33}}],"line":4},"3":{"loc":{"start":{"line":7,"column":32},"end":{"line":7,"column":115}},"type":"cond-expr","locations":[{"start":{"line":7,"column":46},"end":{"line":7,"column":67}},{"start":{"line":7,"column":70},"end":{"line":7,"column":115}}],"line":7},"4":{"loc":{"start":{"line":8,"column":51},"end":{"line":8,"column":67}},"type":"binary-expr","locations":[{"start":{"line":8,"column":51},"end":{"line":8,"column":61}},{"start":{"line":8,"column":65},"end":{"line":8,"column":67}}],"line":8}},"s":{"0":1,"1":1,"2":0,"3":1,"4":1,"5":1,"6":0,"7":0,"8":0,"9":0,"10":2,"11":1,"12":1,"13":1,"14":1,"15":1,"16":1,"17":1,"18":1},"f":{"0":1,"1":1,"2":0,"3":1,"4":1,"5":0,"6":2,"7":1,"8":1,"9":1},"b":{"0":[1,1,1],"1":[1,0],"2":[1,1],"3":[1,1],"4":[1,1]},"inputSourceMap":null,"_coverageSchema":"1a1c01bbd47fc00a2c39e90264f33305004495a9","hash":"e54407bde97dccd45d9e9abeb445f503117ddc40"}
,"C:\\Users\\Coffee\\Documents\\development\\projects\\tsedu_admin\\backend\\lib\\src\\domain\\use-cases\\material\\material-get-all-materials.js": {"path":"C:\\Users\\Coffee\\Documents\\development\\projects\\tsedu_admin\\backend\\lib\\src\\domain\\use-cases\\material\\material-get-all-materials.js","statementMap":{"0":{"start":{"line":2,"column":16},"end":{"line":10,"column":1}},"1":{"start":{"line":3,"column":28},"end":{"line":3,"column":110}},"2":{"start":{"line":3,"column":91},"end":{"line":3,"column":106}},"3":{"start":{"line":4,"column":4},"end":{"line":9,"column":7}},"4":{"start":{"line":5,"column":36},"end":{"line":5,"column":97}},"5":{"start":{"line":5,"column":42},"end":{"line":5,"column":70}},"6":{"start":{"line":5,"column":85},"end":{"line":5,"column":95}},"7":{"start":{"line":6,"column":35},"end":{"line":6,"column":100}},"8":{"start":{"line":6,"column":41},"end":{"line":6,"column":73}},"9":{"start":{"line":6,"column":88},"end":{"line":6,"column":98}},"10":{"start":{"line":7,"column":32},"end":{"line":7,"column":116}},"11":{"start":{"line":8,"column":8},"end":{"line":8,"column":78}},"12":{"start":{"line":11,"column":0},"end":{"line":11,"column":62}},"13":{"start":{"line":12,"column":0},"end":{"line":12,"column":33}},"14":{"start":{"line":15,"column":8},"end":{"line":15,"column":53}},"15":{"start":{"line":18,"column":8},"end":{"line":21,"column":11}},"16":{"start":{"line":19,"column":27},"end":{"line":19,"column":71}},"17":{"start":{"line":20,"column":12},"end":{"line":20,"column":26}},"18":{"start":{"line":24,"column":0},"end":{"line":24,"column":42}}},"fnMap":{"0":{"name":"(anonymous_0)","decl":{"start":{"line":2,"column":44},"end":{"line":2,"column":45}},"loc":{"start":{"line":2,"column":89},"end":{"line":10,"column":1}},"line":2},"1":{"name":"adopt","decl":{"start":{"line":3,"column":13},"end":{"line":3,"column":18}},"loc":{"start":{"line":3,"column":26},"end":{"line":3,"column":112}},"line":3},"2":{"name":"(anonymous_2)","decl":{"start":{"line":3,"column":70},"end":{"line":3,"column":71}},"loc":{"start":{"line":3,"column":89},"end":{"line":3,"column":108}},"line":3},"3":{"name":"(anonymous_3)","decl":{"start":{"line":4,"column":36},"end":{"line":4,"column":37}},"loc":{"start":{"line":4,"column":63},"end":{"line":9,"column":5}},"line":4},"4":{"name":"fulfilled","decl":{"start":{"line":5,"column":17},"end":{"line":5,"column":26}},"loc":{"start":{"line":5,"column":34},"end":{"line":5,"column":99}},"line":5},"5":{"name":"rejected","decl":{"start":{"line":6,"column":17},"end":{"line":6,"column":25}},"loc":{"start":{"line":6,"column":33},"end":{"line":6,"column":102}},"line":6},"6":{"name":"step","decl":{"start":{"line":7,"column":17},"end":{"line":7,"column":21}},"loc":{"start":{"line":7,"column":30},"end":{"line":7,"column":118}},"line":7},"7":{"name":"(anonymous_7)","decl":{"start":{"line":14,"column":4},"end":{"line":14,"column":5}},"loc":{"start":{"line":14,"column":36},"end":{"line":16,"column":5}},"line":14},"8":{"name":"(anonymous_8)","decl":{"start":{"line":17,"column":4},"end":{"line":17,"column":5}},"loc":{"start":{"line":17,"column":14},"end":{"line":22,"column":5}},"line":17},"9":{"name":"(anonymous_9)","decl":{"start":{"line":18,"column":47},"end":{"line":18,"column":48}},"loc":{"start":{"line":18,"column":60},"end":{"line":21,"column":9}},"line":18}},"branchMap":{"0":{"loc":{"start":{"line":2,"column":16},"end":{"line":10,"column":1}},"type":"binary-expr","locations":[{"start":{"line":2,"column":17},"end":{"line":2,"column":21}},{"start":{"line":2,"column":25},"end":{"line":2,"column":39}},{"start":{"line":2,"column":44},"end":{"line":10,"column":1}}],"line":2},"1":{"loc":{"start":{"line":3,"column":35},"end":{"line":3,"column":109}},"type":"cond-expr","locations":[{"start":{"line":3,"column":56},"end":{"line":3,"column":61}},{"start":{"line":3,"column":64},"end":{"line":3,"column":109}}],"line":3},"2":{"loc":{"start":{"line":4,"column":16},"end":{"line":4,"column":34}},"type":"binary-expr","locations":[{"start":{"line":4,"column":16},"end":{"line":4,"column":17}},{"start":{"line":4,"column":22},"end":{"line":4,"column":33}}],"line":4},"3":{"loc":{"start":{"line":7,"column":32},"end":{"line":7,"column":115}},"type":"cond-expr","locations":[{"start":{"line":7,"column":46},"end":{"line":7,"column":67}},{"start":{"line":7,"column":70},"end":{"line":7,"column":115}}],"line":7},"4":{"loc":{"start":{"line":8,"column":51},"end":{"line":8,"column":67}},"type":"binary-expr","locations":[{"start":{"line":8,"column":51},"end":{"line":8,"column":61}},{"start":{"line":8,"column":65},"end":{"line":8,"column":67}}],"line":8}},"s":{"0":1,"1":1,"2":0,"3":1,"4":1,"5":1,"6":0,"7":0,"8":0,"9":0,"10":2,"11":1,"12":1,"13":1,"14":1,"15":1,"16":1,"17":1,"18":1},"f":{"0":1,"1":1,"2":0,"3":1,"4":1,"5":0,"6":2,"7":1,"8":1,"9":1},"b":{"0":[1,1,1],"1":[1,0],"2":[1,1],"3":[1,1],"4":[1,1]},"inputSourceMap":null,"_coverageSchema":"1a1c01bbd47fc00a2c39e90264f33305004495a9","hash":"ad27348af48aebbec59ee9dd0fac2b96ad60069a"}
,"C:\\Users\\Coffee\\Documents\\development\\projects\\tsedu_admin\\backend\\lib\\src\\presentation\\routers\\material-router.js": {"path":"C:\\Users\\Coffee\\Documents\\development\\projects\\tsedu_admin\\backend\\lib\\src\\presentation\\routers\\material-router.js","statementMap":{"0":{"start":{"line":2,"column":16},"end":{"line":10,"column":1}},"1":{"start":{"line":3,"column":28},"end":{"line":3,"column":110}},"2":{"start":{"line":3,"column":91},"end":{"line":3,"column":106}},"3":{"start":{"line":4,"column":4},"end":{"line":9,"column":7}},"4":{"start":{"line":5,"column":36},"end":{"line":5,"column":97}},"5":{"start":{"line":5,"column":42},"end":{"line":5,"column":70}},"6":{"start":{"line":5,"column":85},"end":{"line":5,"column":95}},"7":{"start":{"line":6,"column":35},"end":{"line":6,"column":100}},"8":{"start":{"line":6,"column":41},"end":{"line":6,"column":73}},"9":{"start":{"line":6,"column":88},"end":{"line":6,"column":98}},"10":{"start":{"line":7,"column":32},"end":{"line":7,"column":116}},"11":{"start":{"line":8,"column":8},"end":{"line":8,"column":78}},"12":{"start":{"line":11,"column":22},"end":{"line":13,"column":1}},"13":{"start":{"line":12,"column":4},"end":{"line":12,"column":62}},"14":{"start":{"line":14,"column":0},"end":{"line":14,"column":62}},"15":{"start":{"line":15,"column":18},"end":{"line":15,"column":53}},"16":{"start":{"line":16,"column":17},"end":{"line":16,"column":51}},"17":{"start":{"line":18,"column":19},"end":{"line":18,"column":45}},"18":{"start":{"line":19,"column":17},"end":{"line":19,"column":40}},"19":{"start":{"line":20,"column":4},"end":{"line":28,"column":8}},"20":{"start":{"line":20,"column":34},"end":{"line":28,"column":6}},"21":{"start":{"line":21,"column":8},"end":{"line":27,"column":9}},"22":{"start":{"line":22,"column":30},"end":{"line":22,"column":68}},"23":{"start":{"line":23,"column":12},"end":{"line":23,"column":167}},"24":{"start":{"line":23,"column":46},"end":{"line":23,"column":163}},"25":{"start":{"line":26,"column":12},"end":{"line":26,"column":69}},"26":{"start":{"line":29,"column":4},"end":{"line":38,"column":8}},"27":{"start":{"line":29,"column":47},"end":{"line":38,"column":6}},"28":{"start":{"line":30,"column":8},"end":{"line":37,"column":9}},"29":{"start":{"line":31,"column":29},"end":{"line":31,"column":79}},"30":{"start":{"line":32,"column":12},"end":{"line":32,"column":33}},"31":{"start":{"line":33,"column":12},"end":{"line":33,"column":125}},"32":{"start":{"line":36,"column":12},"end":{"line":36,"column":72}},"33":{"start":{"line":39,"column":4},"end":{"line":48,"column":8}},"34":{"start":{"line":39,"column":42},"end":{"line":48,"column":6}},"35":{"start":{"line":40,"column":8},"end":{"line":47,"column":9}},"36":{"start":{"line":41,"column":29},"end":{"line":41,"column":79}},"37":{"start":{"line":42,"column":12},"end":{"line":42,"column":33}},"38":{"start":{"line":43,"column":12},"end":{"line":43,"column":63}},"39":{"start":{"line":46,"column":12},"end":{"line":46,"column":72}},"40":{"start":{"line":49,"column":4},"end":{"line":80,"column":8}},"41":{"start":{"line":54,"column":22},"end":{"line":80,"column":6}},"42":{"start":{"line":55,"column":8},"end":{"line":79,"column":9}},"43":{"start":{"line":56,"column":32},"end":{"line":56,"column":59}},"44":{"start":{"line":57,"column":33},"end":{"line":57,"column":42}},"45":{"start":{"line":58,"column":12},"end":{"line":71,"column":13}},"46":{"start":{"line":59,"column":16},"end":{"line":61,"column":17}},"47":{"start":{"line":60,"column":20},"end":{"line":60,"column":70}},"48":{"start":{"line":62,"column":16},"end":{"line":64,"column":17}},"49":{"start":{"line":63,"column":20},"end":{"line":63,"column":60}},"50":{"start":{"line":65,"column":16},"end":{"line":67,"column":17}},"51":{"start":{"line":66,"column":20},"end":{"line":66,"column":62}},"52":{"start":{"line":68,"column":16},"end":{"line":70,"column":17}},"53":{"start":{"line":69,"column":20},"end":{"line":69,"column":62}},"54":{"start":{"line":72,"column":29},"end":{"line":72,"column":77}},"55":{"start":{"line":73,"column":12},"end":{"line":73,"column":48}},"56":{"start":{"line":74,"column":12},"end":{"line":74,"column":33}},"57":{"start":{"line":75,"column":12},"end":{"line":75,"column":45}},"58":{"start":{"line":78,"column":12},"end":{"line":78,"column":67}},"59":{"start":{"line":81,"column":4},"end":{"line":112,"column":8}},"60":{"start":{"line":86,"column":22},"end":{"line":112,"column":6}},"61":{"start":{"line":87,"column":8},"end":{"line":111,"column":9}},"62":{"start":{"line":88,"column":32},"end":{"line":88,"column":59}},"63":{"start":{"line":89,"column":33},"end":{"line":89,"column":42}},"64":{"start":{"line":90,"column":12},"end":{"line":103,"column":13}},"65":{"start":{"line":91,"column":16},"end":{"line":93,"column":17}},"66":{"start":{"line":92,"column":20},"end":{"line":92,"column":70}},"67":{"start":{"line":94,"column":16},"end":{"line":96,"column":17}},"68":{"start":{"line":95,"column":20},"end":{"line":95,"column":60}},"69":{"start":{"line":97,"column":16},"end":{"line":99,"column":17}},"70":{"start":{"line":98,"column":20},"end":{"line":98,"column":62}},"71":{"start":{"line":100,"column":16},"end":{"line":102,"column":17}},"72":{"start":{"line":101,"column":20},"end":{"line":101,"column":62}},"73":{"start":{"line":104,"column":12},"end":{"line":104,"column":54}},"74":{"start":{"line":105,"column":29},"end":{"line":105,"column":92}},"75":{"start":{"line":106,"column":12},"end":{"line":106,"column":33}},"76":{"start":{"line":107,"column":12},"end":{"line":107,"column":61}},"77":{"start":{"line":110,"column":12},"end":{"line":110,"column":69}},"78":{"start":{"line":113,"column":4},"end":{"line":122,"column":8}},"79":{"start":{"line":113,"column":37},"end":{"line":122,"column":6}},"80":{"start":{"line":114,"column":8},"end":{"line":121,"column":9}},"81":{"start":{"line":115,"column":29},"end":{"line":115,"column":79}},"82":{"start":{"line":116,"column":12},"end":{"line":116,"column":33}},"83":{"start":{"line":117,"column":12},"end":{"line":117,"column":63}},"84":{"start":{"line":120,"column":12},"end":{"line":120,"column":72}},"85":{"start":{"line":123,"column":4},"end":{"line":132,"column":8}},"86":{"start":{"line":123,"column":40},"end":{"line":132,"column":6}},"87":{"start":{"line":124,"column":8},"end":{"line":131,"column":9}},"88":{"start":{"line":125,"column":29},"end":{"line":125,"column":82}},"89":{"start":{"line":126,"column":12},"end":{"line":126,"column":33}},"90":{"start":{"line":127,"column":12},"end":{"line":127,"column":67}},"91":{"start":{"line":130,"column":12},"end":{"line":130,"column":69}},"92":{"start":{"line":133,"column":4},"end":{"line":133,"column":18}},"93":{"start":{"line":135,"column":0},"end":{"line":135,"column":33}}},"fnMap":{"0":{"name":"(anonymous_0)","decl":{"start":{"line":2,"column":44},"end":{"line":2,"column":45}},"loc":{"start":{"line":2,"column":89},"end":{"line":10,"column":1}},"line":2},"1":{"name":"adopt","decl":{"start":{"line":3,"column":13},"end":{"line":3,"column":18}},"loc":{"start":{"line":3,"column":26},"end":{"line":3,"column":112}},"line":3},"2":{"name":"(anonymous_2)","decl":{"start":{"line":3,"column":70},"end":{"line":3,"column":71}},"loc":{"start":{"line":3,"column":89},"end":{"line":3,"column":108}},"line":3},"3":{"name":"(anonymous_3)","decl":{"start":{"line":4,"column":36},"end":{"line":4,"column":37}},"loc":{"start":{"line":4,"column":63},"end":{"line":9,"column":5}},"line":4},"4":{"name":"fulfilled","decl":{"start":{"line":5,"column":17},"end":{"line":5,"column":26}},"loc":{"start":{"line":5,"column":34},"end":{"line":5,"column":99}},"line":5},"5":{"name":"rejected","decl":{"start":{"line":6,"column":17},"end":{"line":6,"column":25}},"loc":{"start":{"line":6,"column":33},"end":{"line":6,"column":102}},"line":6},"6":{"name":"step","decl":{"start":{"line":7,"column":17},"end":{"line":7,"column":21}},"loc":{"start":{"line":7,"column":30},"end":{"line":7,"column":118}},"line":7},"7":{"name":"(anonymous_7)","decl":{"start":{"line":11,"column":56},"end":{"line":11,"column":57}},"loc":{"start":{"line":11,"column":71},"end":{"line":13,"column":1}},"line":11},"8":{"name":"MaterialRouter","decl":{"start":{"line":17,"column":9},"end":{"line":17,"column":23}},"loc":{"start":{"line":17,"column":143},"end":{"line":134,"column":1}},"line":17},"9":{"name":"(anonymous_9)","decl":{"start":{"line":20,"column":20},"end":{"line":20,"column":21}},"loc":{"start":{"line":20,"column":34},"end":{"line":28,"column":6}},"line":20},"10":{"name":"(anonymous_10)","decl":{"start":{"line":20,"column":66},"end":{"line":20,"column":67}},"loc":{"start":{"line":20,"column":79},"end":{"line":28,"column":5}},"line":20},"11":{"name":"(anonymous_11)","decl":{"start":{"line":23,"column":35},"end":{"line":23,"column":36}},"loc":{"start":{"line":23,"column":46},"end":{"line":23,"column":163}},"line":23},"12":{"name":"(anonymous_12)","decl":{"start":{"line":29,"column":33},"end":{"line":29,"column":34}},"loc":{"start":{"line":29,"column":47},"end":{"line":38,"column":6}},"line":29},"13":{"name":"(anonymous_13)","decl":{"start":{"line":29,"column":79},"end":{"line":29,"column":80}},"loc":{"start":{"line":29,"column":92},"end":{"line":38,"column":5}},"line":29},"14":{"name":"(anonymous_14)","decl":{"start":{"line":39,"column":28},"end":{"line":39,"column":29}},"loc":{"start":{"line":39,"column":42},"end":{"line":48,"column":6}},"line":39},"15":{"name":"(anonymous_15)","decl":{"start":{"line":39,"column":74},"end":{"line":39,"column":75}},"loc":{"start":{"line":39,"column":87},"end":{"line":48,"column":5}},"line":39},"16":{"name":"(anonymous_16)","decl":{"start":{"line":54,"column":8},"end":{"line":54,"column":9}},"loc":{"start":{"line":54,"column":22},"end":{"line":80,"column":6}},"line":54},"17":{"name":"(anonymous_17)","decl":{"start":{"line":54,"column":54},"end":{"line":54,"column":55}},"loc":{"start":{"line":54,"column":67},"end":{"line":80,"column":5}},"line":54},"18":{"name":"(anonymous_18)","decl":{"start":{"line":86,"column":8},"end":{"line":86,"column":9}},"loc":{"start":{"line":86,"column":22},"end":{"line":112,"column":6}},"line":86},"19":{"name":"(anonymous_19)","decl":{"start":{"line":86,"column":54},"end":{"line":86,"column":55}},"loc":{"start":{"line":86,"column":67},"end":{"line":112,"column":5}},"line":86},"20":{"name":"(anonymous_20)","decl":{"start":{"line":113,"column":23},"end":{"line":113,"column":24}},"loc":{"start":{"line":113,"column":37},"end":{"line":122,"column":6}},"line":113},"21":{"name":"(anonymous_21)","decl":{"start":{"line":113,"column":69},"end":{"line":113,"column":70}},"loc":{"start":{"line":113,"column":82},"end":{"line":122,"column":5}},"line":113},"22":{"name":"(anonymous_22)","decl":{"start":{"line":123,"column":26},"end":{"line":123,"column":27}},"loc":{"start":{"line":123,"column":40},"end":{"line":132,"column":6}},"line":123},"23":{"name":"(anonymous_23)","decl":{"start":{"line":123,"column":72},"end":{"line":123,"column":73}},"loc":{"start":{"line":123,"column":85},"end":{"line":132,"column":5}},"line":123}},"branchMap":{"0":{"loc":{"start":{"line":2,"column":16},"end":{"line":10,"column":1}},"type":"binary-expr","locations":[{"start":{"line":2,"column":17},"end":{"line":2,"column":21}},{"start":{"line":2,"column":25},"end":{"line":2,"column":39}},{"start":{"line":2,"column":44},"end":{"line":10,"column":1}}],"line":2},"1":{"loc":{"start":{"line":3,"column":35},"end":{"line":3,"column":109}},"type":"cond-expr","locations":[{"start":{"line":3,"column":56},"end":{"line":3,"column":61}},{"start":{"line":3,"column":64},"end":{"line":3,"column":109}}],"line":3},"2":{"loc":{"start":{"line":4,"column":16},"end":{"line":4,"column":34}},"type":"binary-expr","locations":[{"start":{"line":4,"column":16},"end":{"line":4,"column":17}},{"start":{"line":4,"column":22},"end":{"line":4,"column":33}}],"line":4},"3":{"loc":{"start":{"line":7,"column":32},"end":{"line":7,"column":115}},"type":"cond-expr","locations":[{"start":{"line":7,"column":46},"end":{"line":7,"column":67}},{"start":{"line":7,"column":70},"end":{"line":7,"column":115}}],"line":7},"4":{"loc":{"start":{"line":8,"column":51},"end":{"line":8,"column":67}},"type":"binary-expr","locations":[{"start":{"line":8,"column":51},"end":{"line":8,"column":61}},{"start":{"line":8,"column":65},"end":{"line":8,"column":67}}],"line":8},"5":{"loc":{"start":{"line":11,"column":22},"end":{"line":13,"column":1}},"type":"binary-expr","locations":[{"start":{"line":11,"column":23},"end":{"line":11,"column":27}},{"start":{"line":11,"column":31},"end":{"line":11,"column":51}},{"start":{"line":11,"column":56},"end":{"line":13,"column":1}}],"line":11},"6":{"loc":{"start":{"line":12,"column":11},"end":{"line":12,"column":61}},"type":"cond-expr","locations":[{"start":{"line":12,"column":37},"end":{"line":12,"column":40}},{"start":{"line":12,"column":43},"end":{"line":12,"column":61}}],"line":12},"7":{"loc":{"start":{"line":12,"column":12},"end":{"line":12,"column":33}},"type":"binary-expr","locations":[{"start":{"line":12,"column":12},"end":{"line":12,"column":15}},{"start":{"line":12,"column":19},"end":{"line":12,"column":33}}],"line":12},"8":{"loc":{"start":{"line":33,"column":51},"end":{"line":33,"column":121}},"type":"cond-expr","locations":[{"start":{"line":33,"column":94},"end":{"line":33,"column":100}},{"start":{"line":33,"column":103},"end":{"line":33,"column":121}}],"line":33},"9":{"loc":{"start":{"line":33,"column":51},"end":{"line":33,"column":91}},"type":"binary-expr","locations":[{"start":{"line":33,"column":51},"end":{"line":33,"column":68}},{"start":{"line":33,"column":72},"end":{"line":33,"column":91}}],"line":33},"10":{"loc":{"start":{"line":58,"column":12},"end":{"line":71,"column":13}},"type":"if","locations":[{"start":{"line":58,"column":12},"end":{"line":71,"column":13}},{"start":{},"end":{}}],"line":58},"11":{"loc":{"start":{"line":59,"column":16},"end":{"line":61,"column":17}},"type":"if","locations":[{"start":{"line":59,"column":16},"end":{"line":61,"column":17}},{"start":{},"end":{}}],"line":59},"12":{"loc":{"start":{"line":62,"column":16},"end":{"line":64,"column":17}},"type":"if","locations":[{"start":{"line":62,"column":16},"end":{"line":64,"column":17}},{"start":{},"end":{}}],"line":62},"13":{"loc":{"start":{"line":65,"column":16},"end":{"line":67,"column":17}},"type":"if","locations":[{"start":{"line":65,"column":16},"end":{"line":67,"column":17}},{"start":{},"end":{}}],"line":65},"14":{"loc":{"start":{"line":68,"column":16},"end":{"line":70,"column":17}},"type":"if","locations":[{"start":{"line":68,"column":16},"end":{"line":70,"column":17}},{"start":{},"end":{}}],"line":68},"15":{"loc":{"start":{"line":90,"column":12},"end":{"line":103,"column":13}},"type":"if","locations":[{"start":{"line":90,"column":12},"end":{"line":103,"column":13}},{"start":{},"end":{}}],"line":90},"16":{"loc":{"start":{"line":91,"column":16},"end":{"line":93,"column":17}},"type":"if","locations":[{"start":{"line":91,"column":16},"end":{"line":93,"column":17}},{"start":{},"end":{}}],"line":91},"17":{"loc":{"start":{"line":94,"column":16},"end":{"line":96,"column":17}},"type":"if","locations":[{"start":{"line":94,"column":16},"end":{"line":96,"column":17}},{"start":{},"end":{}}],"line":94},"18":{"loc":{"start":{"line":97,"column":16},"end":{"line":99,"column":17}},"type":"if","locations":[{"start":{"line":97,"column":16},"end":{"line":99,"column":17}},{"start":{},"end":{}}],"line":97},"19":{"loc":{"start":{"line":100,"column":16},"end":{"line":102,"column":17}},"type":"if","locations":[{"start":{"line":100,"column":16},"end":{"line":102,"column":17}},{"start":{},"end":{}}],"line":100}},"s":{"0":1,"1":4,"2":0,"3":4,"4":2,"5":2,"6":0,"7":2,"8":2,"9":0,"10":8,"11":4,"12":1,"13":2,"14":1,"15":1,"16":1,"17":1,"18":1,"19":1,"20":2,"21":2,"22":2,"23":1,"24":1,"25":1,"26":1,"27":0,"28":0,"29":0,"30":0,"31":0,"32":0,"33":1,"34":0,"35":0,"36":0,"37":0,"38":0,"39":0,"40":1,"41":2,"42":2,"43":2,"44":2,"45":2,"46":0,"47":0,"48":0,"49":0,"50":0,"51":0,"52":0,"53":0,"54":2,"55":1,"56":1,"57":1,"58":1,"59":1,"60":0,"61":0,"62":0,"63":0,"64":0,"65":0,"66":0,"67":0,"68":0,"69":0,"70":0,"71":0,"72":0,"73":0,"74":0,"75":0,"76":0,"77":0,"78":1,"79":0,"80":0,"81":0,"82":0,"83":0,"84":0,"85":1,"86":0,"87":0,"88":0,"89":0,"90":0,"91":0,"92":1,"93":1},"f":{"0":4,"1":4,"2":0,"3":4,"4":2,"5":2,"6":8,"7":2,"8":1,"9":2,"10":2,"11":1,"12":0,"13":0,"14":0,"15":0,"16":2,"17":2,"18":0,"19":0,"20":0,"21":0,"22":0,"23":0},"b":{"0":[1,1,1],"1":[4,0],"2":[4,4],"3":[4,4],"4":[4,4],"5":[1,1,1],"6":[0,2],"7":[2,2],"8":[0,0],"9":[0,0],"10":[0,2],"11":[0,0],"12":[0,0],"13":[0,0],"14":[0,0],"15":[0,0],"16":[0,0],"17":[0,0],"18":[0,0],"19":[0,0]},"inputSourceMap":null,"_coverageSchema":"1a1c01bbd47fc00a2c39e90264f33305004495a9","hash":"ba91834c8be5b8f33f3f474d9be9af241b91e0e5"}
,"C:\\Users\\Coffee\\Documents\\development\\projects\\tsedu_admin\\backend\\src\\server.ts": {"path":"C:\\Users\\Coffee\\Documents\\development\\projects\\tsedu_admin\\backend\\src\\server.ts","statementMap":{"0":{"start":{"line":1,"column":0},"end":{"line":1,"column":30}},"1":{"start":{"line":3,"column":15},"end":{"line":3,"column":24}},"2":{"start":{"line":4,"column":0},"end":{"line":4,"column":27}},"3":{"start":{"line":5,"column":0},"end":{"line":5,"column":22}}},"fnMap":{},"branchMap":{},"s":{"0":1,"1":1,"2":1,"3":1},"f":{},"b":{}}
,"C:\\Users\\Coffee\\Documents\\development\\projects\\tsedu_admin\\backend\\src\\domain\\use-cases\\material\\material-get-all-materials.ts": {"path":"C:\\Users\\Coffee\\Documents\\development\\projects\\tsedu_admin\\backend\\src\\domain\\use-cases\\material\\material-get-all-materials.ts","statementMap":{"0":{"start":{"line":8,"column":4},"end":{"line":8,"column":49}},"1":{"start":{"line":11,"column":19},"end":{"line":11,"column":63}},"2":{"start":{"line":12,"column":4},"end":{"line":12,"column":18}},"3":{"start":{"line":5,"column":0},"end":{"line":5,"column":13}}},"fnMap":{"0":{"name":"(anonymous_7)","decl":{"start":{"line":7,"column":2},"end":{"line":7,"column":14}},"loc":{"start":{"line":7,"column":52},"end":{"line":9,"column":3}}},"1":{"name":"(anonymous_8)","decl":{"start":{"line":10,"column":8},"end":{"line":10,"column":15}},"loc":{"start":{"line":10,"column":15},"end":{"line":13,"column":null}}}},"branchMap":{},"s":{"0":1,"1":1,"2":1,"3":1},"f":{"0":1,"1":1},"b":{}}
,"C:\\Users\\Coffee\\Documents\\development\\projects\\tsedu_admin\\backend\\src\\presentation\\routers\\material-router.ts": {"path":"C:\\Users\\Coffee\\Documents\\development\\projects\\tsedu_admin\\backend\\src\\presentation\\routers\\material-router.ts","statementMap":{"0":{"start":{"line":1,"column":0},"end":{"line":1,"column":30}},"1":{"start":{"line":2,"column":0},"end":{"line":2,"column":28}},"2":{"start":{"line":17,"column":17},"end":{"line":17,"column":33}},"3":{"start":{"line":18,"column":15},"end":{"line":18,"column":23}},"4":{"start":{"line":20,"column":2},"end":{"line":36,"column":5}},"5":{"start":{"line":20,"column":56},"end":{"line":36,"column":4}},"6":{"start":{"line":21,"column":4},"end":{"line":35,"column":null}},"7":{"start":{"line":22,"column":24},"end":{"line":22,"column":62}},"8":{"start":{"line":24,"column":6},"end":{"line":32,"column":8}},"9":{"start":{"line":25,"column":32},"end":{"line":30,"column":null}},"10":{"start":{"line":34,"column":6},"end":{"line":34,"column":63}},"11":{"start":{"line":38,"column":2},"end":{"line":46,"column":5}},"12":{"start":{"line":38,"column":69},"end":{"line":46,"column":4}},"13":{"start":{"line":39,"column":4},"end":{"line":45,"column":null}},"14":{"start":{"line":40,"column":23},"end":{"line":40,"column":73}},"15":{"start":{"line":41,"column":6},"end":{"line":41,"column":27}},"16":{"start":{"line":42,"column":6},"end":{"line":42,"column":68}},"17":{"start":{"line":44,"column":6},"end":{"line":44,"column":66}},"18":{"start":{"line":48,"column":2},"end":{"line":56,"column":5}},"19":{"start":{"line":48,"column":64},"end":{"line":56,"column":4}},"20":{"start":{"line":49,"column":4},"end":{"line":55,"column":null}},"21":{"start":{"line":50,"column":23},"end":{"line":50,"column":73}},"22":{"start":{"line":51,"column":6},"end":{"line":51,"column":27}},"23":{"start":{"line":52,"column":6},"end":{"line":52,"column":57}},"24":{"start":{"line":54,"column":6},"end":{"line":54,"column":66}},"25":{"start":{"line":58,"column":2},"end":{"line":95,"column":4}},"26":{"start":{"line":66,"column":42},"end":{"line":94,"column":null}},"27":{"start":{"line":67,"column":6},"end":{"line":93,"column":null}},"28":{"start":{"line":68,"column":25},"end":{"line":68,"column":43}},"29":{"start":{"line":69,"column":29},"end":{"line":69,"column":null}},"30":{"start":{"line":72,"column":8},"end":{"line":85,"column":null}},"31":{"start":{"line":73,"column":10},"end":{"line":75,"column":null}},"32":{"start":{"line":74,"column":12},"end":{"line":74,"column":62}},"33":{"start":{"line":76,"column":10},"end":{"line":78,"column":null}},"34":{"start":{"line":77,"column":12},"end":{"line":77,"column":52}},"35":{"start":{"line":79,"column":10},"end":{"line":81,"column":null}},"36":{"start":{"line":80,"column":12},"end":{"line":80,"column":54}},"37":{"start":{"line":82,"column":10},"end":{"line":84,"column":null}},"38":{"start":{"line":83,"column":12},"end":{"line":83,"column":54}},"39":{"start":{"line":87,"column":25},"end":{"line":87,"column":73}},"40":{"start":{"line":88,"column":8},"end":{"line":88,"column":44}},"41":{"start":{"line":89,"column":8},"end":{"line":89,"column":29}},"42":{"start":{"line":90,"column":8},"end":{"line":90,"column":41}},"43":{"start":{"line":92,"column":8},"end":{"line":92,"column":63}},"44":{"start":{"line":97,"column":2},"end":{"line":136,"column":4}},"45":{"start":{"line":105,"column":42},"end":{"line":135,"column":null}},"46":{"start":{"line":106,"column":6},"end":{"line":134,"column":null}},"47":{"start":{"line":107,"column":25},"end":{"line":107,"column":43}},"48":{"start":{"line":108,"column":29},"end":{"line":108,"column":null}},"49":{"start":{"line":111,"column":8},"end":{"line":124,"column":null}},"50":{"start":{"line":112,"column":10},"end":{"line":114,"column":null}},"51":{"start":{"line":113,"column":12},"end":{"line":113,"column":62}},"52":{"start":{"line":115,"column":10},"end":{"line":117,"column":null}},"53":{"start":{"line":116,"column":12},"end":{"line":116,"column":52}},"54":{"start":{"line":118,"column":10},"end":{"line":120,"column":null}},"55":{"start":{"line":119,"column":12},"end":{"line":119,"column":54}},"56":{"start":{"line":121,"column":10},"end":{"line":123,"column":null}},"57":{"start":{"line":122,"column":12},"end":{"line":122,"column":54}},"58":{"start":{"line":125,"column":8},"end":{"line":125,"column":50}},"59":{"start":{"line":126,"column":25},"end":{"line":128,"column":null}},"60":{"start":{"line":130,"column":8},"end":{"line":130,"column":29}},"61":{"start":{"line":131,"column":8},"end":{"line":131,"column":57}},"62":{"start":{"line":133,"column":8},"end":{"line":133,"column":65}},"63":{"start":{"line":138,"column":2},"end":{"line":146,"column":5}},"64":{"start":{"line":138,"column":59},"end":{"line":146,"column":4}},"65":{"start":{"line":139,"column":4},"end":{"line":145,"column":null}},"66":{"start":{"line":140,"column":23},"end":{"line":140,"column":73}},"67":{"start":{"line":141,"column":6},"end":{"line":141,"column":27}},"68":{"start":{"line":142,"column":6},"end":{"line":142,"column":57}},"69":{"start":{"line":144,"column":6},"end":{"line":144,"column":66}},"70":{"start":{"line":148,"column":2},"end":{"line":156,"column":5}},"71":{"start":{"line":148,"column":62},"end":{"line":156,"column":4}},"72":{"start":{"line":149,"column":4},"end":{"line":155,"column":null}},"73":{"start":{"line":150,"column":23},"end":{"line":150,"column":76}},"74":{"start":{"line":151,"column":6},"end":{"line":151,"column":27}},"75":{"start":{"line":152,"column":6},"end":{"line":152,"column":61}},"76":{"start":{"line":154,"column":6},"end":{"line":154,"column":63}},"77":{"start":{"line":158,"column":2},"end":{"line":158,"column":16}},"78":{"start":{"line":10,"column":0},"end":{"line":10,"column":24}}},"fnMap":{"0":{"name":"MaterialRouter","decl":{"start":{"line":10,"column":24},"end":{"line":10,"column":38}},"loc":{"start":{"line":15,"column":49},"end":{"line":159,"column":1}}},"1":{"name":"(anonymous_9)","decl":{"start":{"line":20,"column":18},"end":{"line":20,"column":25}},"loc":{"start":{"line":20,"column":56},"end":{"line":36,"column":4}}},"2":{"name":"(anonymous_10)","decl":{"start":{"line":20,"column":56},"end":{"line":20,"column":null}},"loc":{"start":{"line":20,"column":56},"end":{"line":36,"column":3}}},"3":{"name":"(anonymous_11)","decl":{"start":{"line":25,"column":22},"end":{"line":25,"column":23}},"loc":{"start":{"line":25,"column":32},"end":{"line":30,"column":null}}},"4":{"name":"(anonymous_12)","decl":{"start":{"line":38,"column":31},"end":{"line":38,"column":38}},"loc":{"start":{"line":38,"column":69},"end":{"line":46,"column":4}}},"5":{"name":"(anonymous_13)","decl":{"start":{"line":38,"column":69},"end":{"line":38,"column":null}},"loc":{"start":{"line":38,"column":69},"end":{"line":46,"column":3}}},"6":{"name":"(anonymous_14)","decl":{"start":{"line":48,"column":26},"end":{"line":48,"column":33}},"loc":{"start":{"line":48,"column":64},"end":{"line":56,"column":4}}},"7":{"name":"(anonymous_15)","decl":{"start":{"line":48,"column":64},"end":{"line":48,"column":null}},"loc":{"start":{"line":48,"column":64},"end":{"line":56,"column":3}}},"8":{"name":"(anonymous_16)","decl":{"start":{"line":66,"column":4},"end":{"line":66,"column":11}},"loc":{"start":{"line":66,"column":42},"end":{"line":94,"column":null}}},"9":{"name":"(anonymous_17)","decl":{"start":{"line":66,"column":42},"end":{"line":66,"column":null}},"loc":{"start":{"line":66,"column":42},"end":{"line":94,"column":5}}},"10":{"name":"(anonymous_18)","decl":{"start":{"line":105,"column":4},"end":{"line":105,"column":11}},"loc":{"start":{"line":105,"column":42},"end":{"line":135,"column":null}}},"11":{"name":"(anonymous_19)","decl":{"start":{"line":105,"column":42},"end":{"line":105,"column":null}},"loc":{"start":{"line":105,"column":42},"end":{"line":135,"column":5}}},"12":{"name":"(anonymous_20)","decl":{"start":{"line":138,"column":21},"end":{"line":138,"column":28}},"loc":{"start":{"line":138,"column":59},"end":{"line":146,"column":4}}},"13":{"name":"(anonymous_21)","decl":{"start":{"line":138,"column":59},"end":{"line":138,"column":null}},"loc":{"start":{"line":138,"column":59},"end":{"line":146,"column":3}}},"14":{"name":"(anonymous_22)","decl":{"start":{"line":148,"column":24},"end":{"line":148,"column":31}},"loc":{"start":{"line":148,"column":62},"end":{"line":156,"column":4}}},"15":{"name":"(anonymous_23)","decl":{"start":{"line":148,"column":62},"end":{"line":148,"column":null}},"loc":{"start":{"line":148,"column":62},"end":{"line":156,"column":3}}}},"branchMap":{"0":{"loc":{"start":{"line":42,"column":45},"end":{"line":42,"column":64}},"type":"cond-expr","locations":[{"start":{"line":42,"column":53},"end":{"line":42,"column":55}},{"start":{"line":42,"column":45},"end":{"line":42,"column":64}}]},"1":{"loc":{"start":{"line":42,"column":45},"end":{"line":42,"column":55}},"type":"binary-expr","locations":[{"start":{"line":42,"column":45},"end":{"line":42,"column":55}},{"start":{"line":42,"column":45},"end":{"line":42,"column":55}}]},"2":{"loc":{"start":{"line":72,"column":8},"end":{"line":85,"column":null}},"type":"if","locations":[{"start":{"line":72,"column":8},"end":{"line":85,"column":null}}]},"3":{"loc":{"start":{"line":73,"column":10},"end":{"line":75,"column":null}},"type":"if","locations":[{"start":{"line":73,"column":10},"end":{"line":75,"column":null}}]},"4":{"loc":{"start":{"line":76,"column":10},"end":{"line":78,"column":null}},"type":"if","locations":[{"start":{"line":76,"column":10},"end":{"line":78,"column":null}}]},"5":{"loc":{"start":{"line":79,"column":10},"end":{"line":81,"column":null}},"type":"if","locations":[{"start":{"line":79,"column":10},"end":{"line":81,"column":null}}]},"6":{"loc":{"start":{"line":82,"column":10},"end":{"line":84,"column":null}},"type":"if","locations":[{"start":{"line":82,"column":10},"end":{"line":84,"column":null}}]},"7":{"loc":{"start":{"line":111,"column":8},"end":{"line":124,"column":null}},"type":"if","locations":[{"start":{"line":111,"column":8},"end":{"line":124,"column":null}}]},"8":{"loc":{"start":{"line":112,"column":10},"end":{"line":114,"column":null}},"type":"if","locations":[{"start":{"line":112,"column":10},"end":{"line":114,"column":null}}]},"9":{"loc":{"start":{"line":115,"column":10},"end":{"line":117,"column":null}},"type":"if","locations":[{"start":{"line":115,"column":10},"end":{"line":117,"column":null}}]},"10":{"loc":{"start":{"line":118,"column":10},"end":{"line":120,"column":null}},"type":"if","locations":[{"start":{"line":118,"column":10},"end":{"line":120,"column":null}}]},"11":{"loc":{"start":{"line":121,"column":10},"end":{"line":123,"column":null}},"type":"if","locations":[{"start":{"line":121,"column":10},"end":{"line":123,"column":null}}]}},"s":{"0":1,"1":1,"2":1,"3":1,"4":1,"5":2,"6":2,"7":2,"8":1,"9":1,"10":1,"11":1,"12":0,"13":0,"14":0,"15":0,"16":0,"17":0,"18":1,"19":0,"20":0,"21":0,"22":0,"23":0,"24":0,"25":1,"26":2,"27":2,"28":2,"29":2,"30":2,"31":0,"32":0,"33":0,"34":0,"35":0,"36":0,"37":0,"38":0,"39":2,"40":1,"41":1,"42":1,"43":1,"44":1,"45":0,"46":0,"47":0,"48":0,"49":0,"50":0,"51":0,"52":0,"53":0,"54":0,"55":0,"56":0,"57":0,"58":0,"59":0,"60":0,"61":0,"62":0,"63":1,"64":0,"65":0,"66":0,"67":0,"68":0,"69":0,"70":1,"71":0,"72":0,"73":0,"74":0,"75":0,"76":0,"77":1,"78":1},"f":{"0":1,"1":2,"2":2,"3":1,"4":0,"5":0,"6":0,"7":0,"8":2,"9":2,"10":0,"11":0,"12":0,"13":0,"14":0,"15":0},"b":{"0":[0,0],"1":[0,0],"2":[0],"3":[0],"4":[0],"5":[0],"6":[0],"7":[0],"8":[0],"9":[0],"10":[0],"11":[0]}}
}
