TN:
SF:lib\src\server.js
FN:2,(anonymous_0)
FNF:1
FNH:1
FNDA:1,(anonymous_0)
DA:2,1
DA:3,1
DA:5,1
DA:6,1
DA:7,1
DA:8,1
DA:9,1
LF:7
LH:7
BRDA:2,0,0,1
BRDA:2,0,1,1
BRDA:2,0,2,1
BRDA:3,1,0,0
BRDA:3,1,1,1
BRDA:3,2,0,1
BRDA:3,2,1,1
BRF:7
BRH:6
end_of_record
TN:
SF:lib\src\domain\use-cases\material-create-material.js
FN:2,(anonymous_0)
FN:3,adopt
FN:3,(anonymous_2)
FN:4,(anonymous_3)
FN:5,fulfilled
FN:6,rejected
FN:7,step
FN:14,(anonymous_7)
FN:17,(anonymous_8)
FN:18,(anonymous_9)
FNF:10
FNH:8
FNDA:1,(anonymous_0)
FNDA:1,adopt
FNDA:0,(anonymous_2)
FNDA:1,(anonymous_3)
FNDA:1,fulfilled
FNDA:0,rejected
FNDA:2,step
FNDA:1,(anonymous_7)
FNDA:1,(anonymous_8)
FNDA:1,(anonymous_9)
DA:2,1
DA:3,1
DA:4,1
DA:5,1
DA:6,0
DA:7,2
DA:8,1
DA:11,1
DA:12,1
DA:15,1
DA:18,1
DA:19,1
DA:20,1
DA:24,1
LF:14
LH:13
BRDA:2,0,0,1
BRDA:2,0,1,1
BRDA:2,0,2,1
BRDA:3,1,0,1
BRDA:3,1,1,0
BRDA:4,2,0,1
BRDA:4,2,1,1
BRDA:7,3,0,1
BRDA:7,3,1,1
BRDA:8,4,0,1
BRDA:8,4,1,1
BRF:11
BRH:10
end_of_record
TN:
SF:lib\src\domain\use-cases\material-get-all-materials.js
FN:2,(anonymous_0)
FN:3,adopt
FN:3,(anonymous_2)
FN:4,(anonymous_3)
FN:5,fulfilled
FN:6,rejected
FN:7,step
FN:14,(anonymous_7)
FN:17,(anonymous_8)
FN:18,(anonymous_9)
FNF:10
FNH:8
FNDA:1,(anonymous_0)
FNDA:1,adopt
FNDA:0,(anonymous_2)
FNDA:1,(anonymous_3)
FNDA:1,fulfilled
FNDA:0,rejected
FNDA:2,step
FNDA:1,(anonymous_7)
FNDA:1,(anonymous_8)
FNDA:1,(anonymous_9)
DA:2,1
DA:3,1
DA:4,1
DA:5,1
DA:6,0
DA:7,2
DA:8,1
DA:11,1
DA:12,1
DA:15,1
DA:18,1
DA:19,1
DA:20,1
DA:24,1
LF:14
LH:13
BRDA:2,0,0,1
BRDA:2,0,1,1
BRDA:2,0,2,1
BRDA:3,1,0,1
BRDA:3,1,1,0
BRDA:4,2,0,1
BRDA:4,2,1,1
BRDA:7,3,0,1
BRDA:7,3,1,1
BRDA:8,4,0,1
BRDA:8,4,1,1
BRF:11
BRH:10
end_of_record
TN:
SF:lib\src\domain\use-cases\material\material-create-material.js
FN:2,(anonymous_0)
FN:3,adopt
FN:3,(anonymous_2)
FN:4,(anonymous_3)
FN:5,fulfilled
FN:6,rejected
FN:7,step
FN:14,(anonymous_7)
FN:17,(anonymous_8)
FN:18,(anonymous_9)
FNF:10
FNH:8
FNDA:1,(anonymous_0)
FNDA:1,adopt
FNDA:0,(anonymous_2)
FNDA:1,(anonymous_3)
FNDA:1,fulfilled
FNDA:0,rejected
FNDA:2,step
FNDA:1,(anonymous_7)
FNDA:1,(anonymous_8)
FNDA:1,(anonymous_9)
DA:2,1
DA:3,1
DA:4,1
DA:5,1
DA:6,0
DA:7,2
DA:8,1
DA:11,1
DA:12,1
DA:15,1
DA:18,1
DA:19,1
DA:20,1
DA:24,1
LF:14
LH:13
BRDA:2,0,0,1
BRDA:2,0,1,1
BRDA:2,0,2,1
BRDA:3,1,0,1
BRDA:3,1,1,0
BRDA:4,2,0,1
BRDA:4,2,1,1
BRDA:7,3,0,1
BRDA:7,3,1,1
BRDA:8,4,0,1
BRDA:8,4,1,1
BRF:11
BRH:10
end_of_record
TN:
SF:lib\src\domain\use-cases\material\material-get-all-materials.js
FN:2,(anonymous_0)
FN:3,adopt
FN:3,(anonymous_2)
FN:4,(anonymous_3)
FN:5,fulfilled
FN:6,rejected
FN:7,step
FN:14,(anonymous_7)
FN:17,(anonymous_8)
FN:18,(anonymous_9)
FNF:10
FNH:8
FNDA:1,(anonymous_0)
FNDA:1,adopt
FNDA:0,(anonymous_2)
FNDA:1,(anonymous_3)
FNDA:1,fulfilled
FNDA:0,rejected
FNDA:2,step
FNDA:1,(anonymous_7)
FNDA:1,(anonymous_8)
FNDA:1,(anonymous_9)
DA:2,1
DA:3,1
DA:4,1
DA:5,1
DA:6,0
DA:7,2
DA:8,1
DA:11,1
DA:12,1
DA:15,1
DA:18,1
DA:19,1
DA:20,1
DA:24,1
LF:14
LH:13
BRDA:2,0,0,1
BRDA:2,0,1,1
BRDA:2,0,2,1
BRDA:3,1,0,1
BRDA:3,1,1,0
BRDA:4,2,0,1
BRDA:4,2,1,1
BRDA:7,3,0,1
BRDA:7,3,1,1
BRDA:8,4,0,1
BRDA:8,4,1,1
BRF:11
BRH:10
end_of_record
TN:
SF:lib\src\presentation\routers\material-router.js
FN:2,(anonymous_0)
FN:3,adopt
FN:3,(anonymous_2)
FN:4,(anonymous_3)
FN:5,fulfilled
FN:6,rejected
FN:7,step
FN:11,(anonymous_7)
FN:17,MaterialRouter
FN:20,(anonymous_9)
FN:20,(anonymous_10)
FN:23,(anonymous_11)
FN:29,(anonymous_12)
FN:29,(anonymous_13)
FN:39,(anonymous_14)
FN:39,(anonymous_15)
FN:54,(anonymous_16)
FN:54,(anonymous_17)
FN:86,(anonymous_18)
FN:86,(anonymous_19)
FN:113,(anonymous_20)
FN:113,(anonymous_21)
FN:123,(anonymous_22)
FN:123,(anonymous_23)
FNF:24
FNH:13
FNDA:4,(anonymous_0)
FNDA:4,adopt
FNDA:0,(anonymous_2)
FNDA:4,(anonymous_3)
FNDA:2,fulfilled
FNDA:2,rejected
FNDA:8,step
FNDA:2,(anonymous_7)
FNDA:1,MaterialRouter
FNDA:2,(anonymous_9)
FNDA:2,(anonymous_10)
FNDA:1,(anonymous_11)
FNDA:0,(anonymous_12)
FNDA:0,(anonymous_13)
FNDA:0,(anonymous_14)
FNDA:0,(anonymous_15)
FNDA:2,(anonymous_16)
FNDA:2,(anonymous_17)
FNDA:0,(anonymous_18)
FNDA:0,(anonymous_19)
FNDA:0,(anonymous_20)
FNDA:0,(anonymous_21)
FNDA:0,(anonymous_22)
FNDA:0,(anonymous_23)
DA:2,1
DA:3,4
DA:4,4
DA:5,2
DA:6,2
DA:7,8
DA:8,4
DA:11,1
DA:12,2
DA:14,1
DA:15,1
DA:16,1
DA:18,1
DA:19,1
DA:20,2
DA:21,2
DA:22,2
DA:23,1
DA:26,1
DA:29,1
DA:30,0
DA:31,0
DA:32,0
DA:33,0
DA:36,0
DA:39,1
DA:40,0
DA:41,0
DA:42,0
DA:43,0
DA:46,0
DA:49,1
DA:54,2
DA:55,2
DA:56,2
DA:57,2
DA:58,2
DA:59,0
DA:60,0
DA:62,0
DA:63,0
DA:65,0
DA:66,0
DA:68,0
DA:69,0
DA:72,2
DA:73,1
DA:74,1
DA:75,1
DA:78,1
DA:81,1
DA:86,0
DA:87,0
DA:88,0
DA:89,0
DA:90,0
DA:91,0
DA:92,0
DA:94,0
DA:95,0
DA:97,0
DA:98,0
DA:100,0
DA:101,0
DA:104,0
DA:105,0
DA:106,0
DA:107,0
DA:110,0
DA:113,1
DA:114,0
DA:115,0
DA:116,0
DA:117,0
DA:120,0
DA:123,1
DA:124,0
DA:125,0
DA:126,0
DA:127,0
DA:130,0
DA:133,1
DA:135,1
LF:83
LH:37
BRDA:2,0,0,1
BRDA:2,0,1,1
BRDA:2,0,2,1
BRDA:3,1,0,4
BRDA:3,1,1,0
BRDA:4,2,0,4
BRDA:4,2,1,4
BRDA:7,3,0,4
BRDA:7,3,1,4
BRDA:8,4,0,4
BRDA:8,4,1,4
BRDA:11,5,0,1
BRDA:11,5,1,1
BRDA:11,5,2,1
BRDA:12,6,0,0
BRDA:12,6,1,2
BRDA:12,7,0,2
BRDA:12,7,1,2
BRDA:33,8,0,0
BRDA:33,8,1,0
BRDA:33,9,0,0
BRDA:33,9,1,0
BRDA:58,10,0,0
BRDA:58,10,1,2
BRDA:59,11,0,0
BRDA:59,11,1,0
BRDA:62,12,0,0
BRDA:62,12,1,0
BRDA:65,13,0,0
BRDA:65,13,1,0
BRDA:68,14,0,0
BRDA:68,14,1,0
BRDA:90,15,0,0
BRDA:90,15,1,0
BRDA:91,16,0,0
BRDA:91,16,1,0
BRDA:94,17,0,0
BRDA:94,17,1,0
BRDA:97,18,0,0
BRDA:97,18,1,0
BRDA:100,19,0,0
BRDA:100,19,1,0
BRF:42
BRH:17
end_of_record
TN:
SF:src\server.ts
FNF:0
FNH:0
DA:1,1
DA:3,1
DA:4,1
DA:5,1
LF:4
LH:4
BRF:0
BRH:0
end_of_record
TN:
SF:src\domain\use-cases\material\material-get-all-materials.ts
FN:7,(anonymous_7)
FN:10,(anonymous_8)
FNF:2
FNH:2
FNDA:1,(anonymous_7)
FNDA:1,(anonymous_8)
DA:5,1
DA:8,1
DA:11,1
DA:12,1
LF:4
LH:4
BRF:0
BRH:0
end_of_record
TN:
SF:src\presentation\routers\material-router.ts
FN:10,MaterialRouter
FN:20,(anonymous_9)
FN:20,(anonymous_10)
FN:25,(anonymous_11)
FN:38,(anonymous_12)
FN:38,(anonymous_13)
FN:48,(anonymous_14)
FN:48,(anonymous_15)
FN:66,(anonymous_16)
FN:66,(anonymous_17)
FN:105,(anonymous_18)
FN:105,(anonymous_19)
FN:138,(anonymous_20)
FN:138,(anonymous_21)
FN:148,(anonymous_22)
FN:148,(anonymous_23)
FNF:16
FNH:6
FNDA:1,MaterialRouter
FNDA:2,(anonymous_9)
FNDA:2,(anonymous_10)
FNDA:1,(anonymous_11)
FNDA:0,(anonymous_12)
FNDA:0,(anonymous_13)
FNDA:0,(anonymous_14)
FNDA:0,(anonymous_15)
FNDA:2,(anonymous_16)
FNDA:2,(anonymous_17)
FNDA:0,(anonymous_18)
FNDA:0,(anonymous_19)
FNDA:0,(anonymous_20)
FNDA:0,(anonymous_21)
FNDA:0,(anonymous_22)
FNDA:0,(anonymous_23)
DA:1,1
DA:2,1
DA:10,1
DA:17,1
DA:18,1
DA:20,2
DA:21,2
DA:22,2
DA:24,1
DA:25,1
DA:34,1
DA:38,1
DA:39,0
DA:40,0
DA:41,0
DA:42,0
DA:44,0
DA:48,1
DA:49,0
DA:50,0
DA:51,0
DA:52,0
DA:54,0
DA:58,1
DA:66,2
DA:67,2
DA:68,2
DA:69,2
DA:72,2
DA:73,0
DA:74,0
DA:76,0
DA:77,0
DA:79,0
DA:80,0
DA:82,0
DA:83,0
DA:87,2
DA:88,1
DA:89,1
DA:90,1
DA:92,1
DA:97,1
DA:105,0
DA:106,0
DA:107,0
DA:108,0
DA:111,0
DA:112,0
DA:113,0
DA:115,0
DA:116,0
DA:118,0
DA:119,0
DA:121,0
DA:122,0
DA:125,0
DA:126,0
DA:130,0
DA:131,0
DA:133,0
DA:138,1
DA:139,0
DA:140,0
DA:141,0
DA:142,0
DA:144,0
DA:148,1
DA:149,0
DA:150,0
DA:151,0
DA:152,0
DA:154,0
DA:158,1
LF:74
LH:28
BRDA:42,0,0,0
BRDA:42,0,1,0
BRDA:42,1,0,0
BRDA:42,1,1,0
BRDA:72,2,0,0
BRDA:73,3,0,0
BRDA:76,4,0,0
BRDA:79,5,0,0
BRDA:82,6,0,0
BRDA:111,7,0,0
BRDA:112,8,0,0
BRDA:115,9,0,0
BRDA:118,10,0,0
BRDA:121,11,0,0
BRF:14
BRH:0
end_of_record
